TN:
SF:script/DeployDSC.s.sol
DA:13,6
FN:13,DeployDSC.run
FNDA:6,DeployDSC.run
DA:14,6
DA:16,6
DA:17,6
DA:18,6
DA:19,6
DA:21,6
DA:22,6
DA:23,6
DA:24,6
DA:25,6
DA:27,6
FNF:1
FNH:1
LF:12
LH:12
BRF:0
BRH:0
end_of_record
TN:
SF:script/HelperConfig.s.sol
DA:26,6
FN:26,HelperConfig.constructor
FNDA:6,HelperConfig.constructor
DA:27,6
BRDA:27,0,0,-
BRDA:27,0,1,6
DA:28,0
DA:30,6
DA:34,0
FN:34,HelperConfig.getSepoliaEthConfig
FNDA:0,HelperConfig.getSepoliaEthConfig
DA:35,0
DA:44,6
FN:44,HelperConfig.getOrCreateAnvilEthConfig
FNDA:6,HelperConfig.getOrCreateAnvilEthConfig
DA:45,6
BRDA:45,1,0,-
DA:46,0
DA:49,6
DA:50,6
DA:51,6
DA:53,6
DA:54,6
DA:55,6
DA:57,6
FNF:3
FNH:2
LF:16
LH:12
BRF:3
BRH:1
end_of_record
TN:
SF:src/DSCEngine.sol
DA:101,0
FN:101,DSCEngine.amountMoreThanZero
FNDA:0,DSCEngine.amountMoreThanZero
DA:102,0
BRDA:102,0,0,-
DA:106,2
FN:106,DSCEngine.isAllowedToken
FNDA:2,DSCEngine.isAllowedToken
DA:107,2
BRDA:107,1,0,1
DA:108,1
DA:120,7
FN:120,DSCEngine.constructor
FNDA:7,DSCEngine.constructor
DA:121,7
BRDA:121,2,0,1
DA:122,1
DA:125,6
DA:126,12
DA:127,12
DA:128,12
DA:141,0
FN:141,DSCEngine.depositCollateralAndMintDsc
FNDA:0,DSCEngine.depositCollateralAndMintDsc
DA:146,0
DA:147,0
DA:158,3
FN:158,DSCEngine.depositCollateral
FNDA:3,DSCEngine.depositCollateral
DA:164,1
DA:166,1
DA:167,1
DA:168,1
BRDA:168,3,0,-
DA:169,0
DA:179,0
FN:179,DSCEngine.redeemCollateralForDsc
FNDA:0,DSCEngine.redeemCollateralForDsc
DA:182,0
DA:183,0
DA:193,0
FN:193,DSCEngine.redeemCollateral
FNDA:0,DSCEngine.redeemCollateral
DA:198,0
DA:199,0
DA:207,0
FN:207,DSCEngine.mintDsc
FNDA:0,DSCEngine.mintDsc
DA:208,0
DA:209,0
DA:211,0
DA:212,0
BRDA:212,4,0,-
DA:213,0
DA:217,0
FN:217,DSCEngine.burnDsc
FNDA:0,DSCEngine.burnDsc
DA:218,0
DA:219,0
DA:251,0
FN:251,DSCEngine.liquidate
FNDA:0,DSCEngine.liquidate
DA:257,0
DA:258,0
BRDA:258,5,0,-
DA:259,0
DA:267,0
DA:274,0
DA:276,0
DA:277,0
DA:278,0
DA:279,0
DA:280,0
BRDA:280,6,0,-
DA:281,0
DA:283,0
DA:286,0
FN:286,DSCEngine.getHealthFactor
FNDA:0,DSCEngine.getHealthFactor
DA:301,0
FN:301,DSCEngine._burnDsc
FNDA:0,DSCEngine._burnDsc
DA:302,0
DA:303,0
DA:304,0
BRDA:304,7,0,-
DA:305,0
DA:307,0
DA:310,0
FN:310,DSCEngine._redeemCollateral
FNDA:0,DSCEngine._redeemCollateral
DA:313,0
DA:314,0
DA:316,0
DA:317,0
BRDA:317,8,0,-
DA:318,0
DA:322,1
FN:322,DSCEngine._getAccountInformation
FNDA:1,DSCEngine._getAccountInformation
DA:327,1
DA:328,1
DA:337,0
FN:337,DSCEngine._healthfactor
FNDA:0,DSCEngine._healthfactor
DA:340,0
DA:341,0
DA:342,0
DA:350,0
FN:350,DSCEngine._revertIfHealthFactorIsBroken
FNDA:0,DSCEngine._revertIfHealthFactorIsBroken
DA:353,0
DA:355,0
BRDA:355,9,0,-
DA:356,0
DA:364,2
FN:364,DSCEngine.getTokenAmountFromUsd
FNDA:2,DSCEngine.getTokenAmountFromUsd
DA:369,2
DA:370,2
DA:372,2
DA:375,0
FN:375,DSCEngine.getAccountCollateralValueInUsd
FNDA:0,DSCEngine.getAccountCollateralValueInUsd
DA:378,1
DA:379,2
DA:380,2
DA:381,2
DA:384,0
DA:387,1
FN:387,DSCEngine.getUsdValue
FNDA:1,DSCEngine.getUsdValue
DA:388,3
DA:389,3
DA:393,3
DA:396,1
FN:396,DSCEngine.getAccountInformation
FNDA:1,DSCEngine.getAccountInformation
DA:397,1
FNF:20
FNH:7
LF:89
LH:32
BRF:10
BRH:2
end_of_record
TN:
SF:src/DecentralizedStableCoin.sol
DA:50,0
FN:50,DecentralizedStableCoin.burn
FNDA:0,DecentralizedStableCoin.burn
DA:51,0
DA:52,0
BRDA:52,0,0,-
DA:53,0
DA:55,0
BRDA:55,1,0,-
DA:56,0
DA:59,0
DA:63,0
FN:63,DecentralizedStableCoin.mint
FNDA:0,DecentralizedStableCoin.mint
DA:64,0
BRDA:64,2,0,-
DA:65,0
DA:67,0
BRDA:67,3,0,-
DA:68,0
DA:71,0
DA:72,0
FNF:2
FNH:0
LF:14
LH:0
BRF:4
BRH:0
end_of_record
TN:
SF:test/mocks/MockV3Aggregator.sol
DA:24,12
FN:24,MockV3Aggregator.constructor
FNDA:12,MockV3Aggregator.constructor
DA:25,12
DA:26,12
DA:29,12
FN:29,MockV3Aggregator.updateAnswer
FNDA:12,MockV3Aggregator.updateAnswer
DA:30,12
DA:31,12
DA:32,12
DA:33,12
DA:34,12
DA:35,12
DA:38,0
FN:38,MockV3Aggregator.updateRoundData
FNDA:0,MockV3Aggregator.updateRoundData
DA:39,0
DA:40,0
DA:41,0
DA:42,0
DA:43,0
DA:44,0
DA:47,0
FN:47,MockV3Aggregator.getRoundData
FNDA:0,MockV3Aggregator.getRoundData
DA:52,0
DA:55,5
FN:55,MockV3Aggregator.latestRoundData
FNDA:5,MockV3Aggregator.latestRoundData
DA:60,5
DA:69,0
FN:69,MockV3Aggregator.description
FNDA:0,MockV3Aggregator.description
DA:70,0
FNF:6
FNH:3
LF:23
LH:12
BRF:0
BRH:0
end_of_record
